<?xml version="1.0" encoding="UTF-8" ?>
<testsuite errors="0" failures="0" hostname="wh-PC" name="com.ant.MyLinkedListTest" skipped="0" tests="3" time="0.053" timestamp="2016-11-28T14:57:36">
  <properties>
    <property name="java.vendor" value="Oracle Corporation" />
    <property name="env.MOZ_PLUGIN_PATH" value="D:\Foxit Reader\plugins\" />
    <property name="sun.java.launcher" value="SUN_STANDARD" />
    <property name="eclipse.pdebuild.templates" value="/E:/eclipse-rcp-mars/eclipse/plugins/org.eclipse.pde.build_3.9.100.v20150521-1524/templates/" />
    <property name="sun.management.compiler" value="HotSpot Client Compiler" />
    <property name="env.PROMPT" value="$P$G" />
    <property name="env.LSERVRC" value="C:\ProgramData\HP\Functional testing\License\lservrc" />
    <property name="os.name" value="Windows 7" />
    <property name="env.PYTHONPATH" value="C:\GitStack\python\lib" />
    <property name="env.RATL_RTHOME" value="C:\Program Files (x86)\Rational\Rational Test" />
    <property name="env.FP_NO_HOST_CHECK" value="NO" />
    <property name="sun.boot.class.path" value="C:\Program Files (x86)\Java\jre1.8.0_60\lib\resources.jar;C:\Program Files (x86)\Java\jre1.8.0_60\lib\rt.jar;C:\Program Files (x86)\Java\jre1.8.0_60\lib\sunrsasign.jar;C:\Program Files (x86)\Java\jre1.8.0_60\lib\jsse.jar;C:\Program Files (x86)\Java\jre1.8.0_60\lib\jce.jar;C:\Program Files (x86)\Java\jre1.8.0_60\lib\charsets.jar;C:\Program Files (x86)\Java\jre1.8.0_60\lib\jfr.jar;C:\Program Files (x86)\Java\jre1.8.0_60\classes" />
    <property name="env.TMPDIR" value="C:\Users\wh\AppData\Local\Temp" />
    <property name="env.COMPUTERNAME" value="WH-PC" />
    <property name="env.CommonProgramW6432" value="C:\Program Files\Common Files" />
    <property name="env.ALLUSERSPROFILE" value="C:\ProgramData" />
    <property name="sun.desktop" value="windows" />
    <property name="java.vm.specification.vendor" value="Oracle Corporation" />
    <property name="ant.home" value="E:\eclipse-rcp-mars\eclipse\plugins\org.apache.ant_1.9.6.v201510161327" />
    <property name="java.runtime.version" value="1.8.0_60-b27" />
    <property name="env.HOMEPATH" value="\Users\wh" />
    <property name="user.name" value="wh" />
    <property name="env.LM_LICENSE_FILE" value="C:\Tornado2.2\flexlm\license.dat" />
    <property name="user.language" value="zh" />
    <property name="env.windows_tracing_flags" value="3" />
    <property name="sun.boot.library.path" value="C:\Program Files (x86)\Java\jre1.8.0_60\bin" />
    <property name="ant.project.default-target" value="build" />
    <property name="ant.project.name" value="AntTestDemo" />
    <property name="env.#envTSLOGSHELLEXT4072" value="279999488" />
    <property name="java.version" value="1.8.0_60" />
    <property name="env.PROCESSOR_IDENTIFIER" value="Intel64 Family 6 Model 58 Stepping 9, GenuineIntel" />
    <property name="user.timezone" value="" />
    <property name="env.INCLUDE" value="D:\VC\Microsoft Visual Studio\VC98\Include" />
    <property name="env.IBM_JAVA_OPTIONS" value="-Xrunjvmhook -Xbootclasspath/a:&quot;C:\Program Files (x86)\HP\Unified Functional Testing\bin\java_shared\classes;C:\Program Files (x86)\HP\Unified Functional Testing\bin\java_shared\classes\jasmine.jar&quot;" />
    <property name="env.asl.log" value="Destination=file" />
    <property name="env.TEMP" value="C:\Users\wh\AppData\Local\Temp" />
    <property name="sun.arch.data.model" value="32" />
    <property name="java.endorsed.dirs" value="C:\Program Files (x86)\Java\jre1.8.0_60\lib\endorsed" />
    <property name="env.PROCESSOR_ARCHITEW6432" value="AMD64" />
    <property name="sun.cpu.isalist" value="pentium_pro+mmx pentium_pro pentium+mmx pentium i486 i386 i86" />
    <property name="env.HOMEDRIVE" value="C:" />
    <property name="sun.jnu.encoding" value="GBK" />
    <property name="file.encoding.pkg" value="sun.io" />
    <property name="ECLIPSE_HOME" value="E:/eclipse-rcp-mars/eclipse/" />
    <property name="file.separator" value="\" />
    <property name="java.specification.name" value="Java Platform API Specification" />
    <property name="ant.file.AntTestDemo" value="C:\Users\wh\Desktop\MemTest\AntTestDemo\build.xml" />
    <property name="java.class.version" value="52.0" />
    <property name="user.country" value="CN" />
    <property name="java.home" value="C:\Program Files (x86)\Java\jre1.8.0_60" />
    <property name="env.PSModulePath" value="C:\Windows\system32\WindowsPowerShell\v1.0\Modules\" />
    <property name="env.APPDATA" value="C:\Users\wh\AppData\Roaming" />
    <property name="env.PUBLIC" value="C:\Users\Public" />
    <property name="env.windows_tracing_logfile" value="C:\BVTBin\Tests\installpackage\csilogfile.log" />
    <property name="java.vm.info" value="mixed mode, sharing" />
    <property name="env.ComSpec" value="C:\Windows\system32\cmd.exe" />
    <property name="env.TOMCAT_HOME" value="D:\tomcat-9.0.0" />
    <property name="env.OS" value="Windows_NT" />
    <property name="env.CommonProgramFiles" value="C:\Program Files (x86)\Common Files" />
    <property name="ant.file" value="C:\Users\wh\Desktop\MemTest\AntTestDemo\build.xml" />
    <property name="os.version" value="6.1" />
    <property name="env.NUT_SUFFIXED_SEARCHING" value="1" />
    <property name="env.ProgramW6432" value="C:\Program Files" />
    <property name="env.NUTSUFFIX" value="1" />
    <property name="path.separator" value=";" />
    <property name="java.vm.version" value="25.60-b23" />
    <property name="ant.file.type.AntTestDemo" value="file" />
    <property name="env.USERPROFILE" value="C:\Users\wh" />
    <property name="user.variant" value="" />
    <property name="ant.library.dir" value="E:\eclipse-rcp-mars\eclipse\plugins\org.apache.ant_1.9.6.v201510161327\lib" />
    <property name="env.LIB" value="D:\VC\Microsoft Visual Studio\VC98\Lib" />
    <property name="junit.output.dir" value="junit" />
    <property name="env.JAVA_HOME" value="C:\Program Files (x86)\Java\jdk1.8.0_60" />
    <property name="java.awt.printerjob" value="sun.awt.windows.WPrinterJob" />
    <property name="env.TMP" value="C:\Users\wh\AppData\Local\Temp" />
    <property name="sun.io.unicode.encoding" value="UnicodeLittle" />
    <property name="awt.toolkit" value="sun.awt.windows.WToolkit" />
    <property name="user.script" value="" />
    <property name="eclipse.pdebuild.scripts" value="/E:/eclipse-rcp-mars/eclipse/plugins/org.eclipse.pde.build_3.9.100.v20150521-1524/scripts/" />
    <property name="env.PYTHONHOME" value="C:\GitStack\python" />
    <property name="target" value="1.7" />
    <property name="user.home" value="C:\Users\wh" />
    <property name="env.ProgramData" value="C:\ProgramData" />
    <property name="env.VS140COMNTOOLS" value="D:\VS\Common7\Tools\" />
    <property name="env.ProgramFiles(x86)" value="C:\Program Files (x86)" />
    <property name="env.SESSIONNAME" value="Console" />
    <property name="java.specification.vendor" value="Oracle Corporation" />
    <property name="java.library.path" value="C:\Program Files (x86)\Java\jre1.8.0_60\bin;C:\Windows\Sun\Java\bin;C:\Windows\system32;C:\Windows;C:/Program Files (x86)/Java/jdk1.8.0_60/bin/../jre/bin/client;C:/Program Files (x86)/Java/jdk1.8.0_60/bin/../jre/bin;C:/Program Files (x86)/Java/jdk1.8.0_60/bin/../jre/lib/i386;C:\Perl64\site\bin;C:\Perl64\bin;C:\Program Files (x86)\Java\jdk1.8.0_60\bin;C:\ProgramData\Oracle\Java\javapath;C:\Windows\system32;C:\Windows;C:\Windows\System32\Wbem;C:\Windows\System32\WindowsPowerShell\v1.0\;C:\Program Files (x86)\Intel\OpenCL SDK\2.0\bin\x86;C:\Program Files (x86)\Intel\OpenCL SDK\2.0\bin\x64;C:\Program Files\Intel\Intel(R) Management Engine Components\DAL;C:\Program Files\Intel\Intel(R) Management Engine Components\IPT;C:\Program Files (x86)\Intel\Intel(R) Management Engine Components\DAL;C:\Program Files (x86)\Intel\Intel(R) Management Engine Components\IPT;D:\VC\Microsoft Visual Studio\VC98\Bin;D:\VC\Microsoft Visual Studio\Common\MSDev98\Bin;F:\aspectc++;C:\Program Files (x86)\Rational\common;C:\Program Files\TortoiseGit\bin;C:\Program Files\Microsoft SQL Server\130\Tools\Binn\;C:\Program Files (x86)\PICT\;C:\Program Files (x86)\HP\Unified Functional Testing\bin;E:\adt-bundle-windows-x86-20140702\android-sdk\platform-tools;E:\adt-bundle-windows-x86-20140702\android-sdk\tools;C:\Python27;C:\Program Files (x86)\Mozilla Firefox;C:\GitStack\python;C:\GitStack\python\Scripts;C:\GitStack\php;C:\GitStack\git\cmd;C:\GitStack\git\bin;D:\UltraEdit\;E:\eclipse-rcp-mars\eclipse;;." />
    <property name="env.NUMBER_OF_PROCESSORS" value="4" />
    <property name="java.vendor.url" value="http://java.oracle.com/" />
    <property name="java.vm.vendor" value="Oracle Corporation" />
    <property name="java.runtime.name" value="Java(TM) SE Runtime Environment" />
    <property name="java.class.path" value="C:\Users\wh\Desktop\MemTest\AntTestDemo\bin;E:\eclipse-rcp-mars\eclipse\plugins\org.junit_4.12.0.v201504281640\junit.jar;E:\eclipse-rcp-mars\eclipse\plugins\org.hamcrest.core_1.3.0.v201303031735.jar;E:\eclipse-rcp-mars\eclipse\plugins\org.apache.ant_1.9.6.v201510161327\lib\ant-launcher.jar;E:\eclipse-rcp-mars\eclipse\plugins\org.apache.ant_1.9.6.v201510161327\lib\ant.jar;E:\eclipse-rcp-mars\eclipse\plugins\org.apache.ant_1.9.6.v201510161327\lib\ant-junit.jar;E:\eclipse-rcp-mars\eclipse\plugins\org.apache.ant_1.9.6.v201510161327\lib\ant-junit4.jar" />
    <property name="ant.version" value="Apache Ant(TM) version 1.9.6 compiled on June 29 2015" />
    <property name="sun.java.command" value="org.apache.tools.ant.taskdefs.optional.junit.JUnitTestRunner com.ant.MyLinkedListTest skipNonTests=false filtertrace=true haltOnError=false haltOnFailure=false formatter=org.apache.tools.ant.taskdefs.optional.junit.OutErrSummaryJUnitResultFormatter showoutput=false outputtoformatters=true logfailedtests=true threadid=0 logtestlistenerevents=false formatter=org.apache.tools.ant.taskdefs.optional.junit.XMLJUnitResultFormatter,C:\Users\wh\Desktop\MemTest\AntTestDemo\junit\TEST-com.ant.MyLinkedListTest.xml crashfile=C:\Users\wh\Desktop\MemTest\AntTestDemo\junitvmwatcher1614883853268471248.properties propsfile=C:\Users\wh\Desktop\MemTest\AntTestDemo\junit6473609094835487683.properties" />
    <property name="java.vm.specification.name" value="Java Virtual Machine Specification" />
    <property name="env.ST_INSTALL_PATH" value="C:\Program Files (x86)\HP\Unified Functional Testing\" />
    <property name="env.LOGONSERVER" value="\\WH-PC" />
    <property name="env.windir" value="C:\Windows" />
    <property name="java.vm.specification.version" value="1.8" />
    <property name="env.PROCESSOR_ARCHITECTURE" value="x86" />
    <property name="sun.os.patch.level" value="Service Pack 1" />
    <property name="sun.cpu.endian" value="little" />
    <property name="debuglevel" value="source,lines,vars" />
    <property name="env.MSJAVA_ENABLE_MONITORS" value="1" />
    <property name="env.HOME" value="C:\Users\wh" />
    <property name="env.ProgramFiles" value="C:\Program Files (x86)" />
    <property name="env.ANT_HOME" value="E:\eclipse-rcp-mars\eclipse\plugins\org.apache.ant_1.9.6.v201510161327" />
    <property name="eclipse.pdebuild.home" value="/E:/eclipse-rcp-mars/eclipse/plugins/org.eclipse.pde.build_3.9.100.v20150521-1524/./" />
    <property name="env.PROCESSOR_REVISION" value="3a09" />
    <property name="java.io.tmpdir" value="C:\Users\wh\AppData\Local\Temp\" />
    <property name="env.CommonProgramFiles(x86)" value="C:\Program Files (x86)\Common Files" />
    <property name="java.vendor.url.bug" value="http://bugreport.sun.com/bugreport/" />
    <property name="env.SystemRoot" value="C:\Windows" />
    <property name="java.awt.graphicsenv" value="sun.awt.Win32GraphicsEnvironment" />
    <property name="os.arch" value="x86" />
    <property name="java.ext.dirs" value="C:\Program Files (x86)\Java\jre1.8.0_60\lib\ext;C:\Windows\Sun\Java\lib\ext" />
    <property name="user.dir" value="C:\Users\wh\Desktop\MemTest\AntTestDemo" />
    <property name="env.LOCALAPPDATA" value="C:\Users\wh\AppData\Local" />
    <property name="line.separator" value="&#xd;&#xa;" />
    <property name="java.vm.name" value="Java HotSpot(TM) Client VM" />
    <property name="env.PATHEXT" value=".COM;.EXE;.BAT;.CMD;.VBS;.VBE;.JS;.JSE;.WSF;.WSH;.MSC" />
    <property name="env.Path" value="C:/Program Files (x86)/Java/jdk1.8.0_60/bin/../jre/bin/client;C:/Program Files (x86)/Java/jdk1.8.0_60/bin/../jre/bin;C:/Program Files (x86)/Java/jdk1.8.0_60/bin/../jre/lib/i386;C:\Perl64\site\bin;C:\Perl64\bin;C:\Program Files (x86)\Java\jdk1.8.0_60\bin;C:\ProgramData\Oracle\Java\javapath;C:\Windows\system32;C:\Windows;C:\Windows\System32\Wbem;C:\Windows\System32\WindowsPowerShell\v1.0\;C:\Program Files (x86)\Intel\OpenCL SDK\2.0\bin\x86;C:\Program Files (x86)\Intel\OpenCL SDK\2.0\bin\x64;C:\Program Files\Intel\Intel(R) Management Engine Components\DAL;C:\Program Files\Intel\Intel(R) Management Engine Components\IPT;C:\Program Files (x86)\Intel\Intel(R) Management Engine Components\DAL;C:\Program Files (x86)\Intel\Intel(R) Management Engine Components\IPT;D:\VC\Microsoft Visual Studio\VC98\Bin;D:\VC\Microsoft Visual Studio\Common\MSDev98\Bin;F:\aspectc++;C:\Program Files (x86)\Rational\common;C:\Program Files\TortoiseGit\bin;C:\Program Files\Microsoft SQL Server\130\Tools\Binn\;C:\Program Files (x86)\PICT\;C:\Program Files (x86)\HP\Unified Functional Testing\bin;E:\adt-bundle-windows-x86-20140702\android-sdk\platform-tools;E:\adt-bundle-windows-x86-20140702\android-sdk\tools;C:\Python27;C:\Program Files (x86)\Mozilla Firefox;C:\GitStack\python;C:\GitStack\python\Scripts;C:\GitStack\php;C:\GitStack\git\cmd;C:\GitStack\git\bin;D:\UltraEdit\;E:\eclipse-rcp-mars\eclipse;" />
    <property name="basedir" value="C:\Users\wh\Desktop\MemTest\AntTestDemo" />
    <property name="ant.java.version" value="1.8" />
    <property name="ant.core.lib" value="E:\eclipse-rcp-mars\eclipse\plugins\org.apache.ant_1.9.6.v201510161327\lib\ant.jar" />
    <property name="env.USERNAME" value="wh" />
    <property name="source" value="1.7" />
    <property name="env.SystemDrive" value="C:" />
    <property name="file.encoding" value="GBK" />
    <property name="env.VS100COMNTOOLS" value="C:\Program Files (x86)\Microsoft Visual Studio 10.0\Common7\Tools\" />
    <property name="env.USERDOMAIN" value="wh-PC" />
    <property name="java.specification.version" value="1.8" />
    <property name="ant.project.invoked-targets" value="MyLinkedListTest (3)" />
    <property name="env.PROCESSOR_LEVEL" value="6" />
  </properties>
  <testcase classname="com.ant.MyLinkedListTest" name="testAddE" time="0.003" />
  <testcase classname="com.ant.MyLinkedListTest" name="testPush" time="0.0" />
  <testcase classname="com.ant.MyLinkedListTest" name="testRemoveObject" time="0.0" />
  <system-out><![CDATA[]]></system-out>
  <system-err><![CDATA[]]></system-err>
</testsuite>
